Using pre-set license
Built from '2021.1/staging' branch; Version is '2021.1.3f1 (4bef613afd59) revision 4976481'; Using compiler version '192528614'; Build Type 'Release'
OS: 'Windows 10 Home Single Language; OS build 19043.1110; Version 2009; 64bit' Language: 'pt' Physical Memory: 8060 MB
BatchMode: 1, IsHumanControllingUs: 0, StartBugReporterOnCrash: 0, Is64bit: 1, IsPro: 0

 COMMAND LINE ARGUMENTS:
C:\Program Files\Unity\Hub\Editor\2021.1.3f1\Editor\Unity.exe
-adb2
-batchMode
-noUpm
-name
AssetImportWorker6
-projectPath
C:/Users/lenoo/Documents/GitHub/Game2DLearning/2D Project
-logFile
Logs/AssetImportWorker6.log
-srvPort
51782
Successfully changed project path to: C:/Users/lenoo/Documents/GitHub/Game2DLearning/2D Project
C:/Users/lenoo/Documents/GitHub/Game2DLearning/2D Project
Using Asset Import Pipeline V2.
Refreshing native plugins compatible for Editor in 134.54 ms, found 1 plugins.
Preloading 0 native plugins for Editor in 0.00 ms.
Initialize engine version: 2021.1.3f1 (4bef613afd59)
[Subsystems] Discovering subsystems at path C:/Program Files/Unity/Hub/Editor/2021.1.3f1/Editor/Data/Resources/UnitySubsystems
[Subsystems] Discovering subsystems at path C:/Users/lenoo/Documents/GitHub/Game2DLearning/2D Project/Assets
GfxDevice: creating device client; threaded=0; jobified=0
Direct3D:
    Version:  Direct3D 11.0 [level 11.1]
    Renderer: NVIDIA GeForce GTX 1050 (ID=0x1c8d)
    Vendor:   NVIDIA
    VRAM:     4021 MB
    Driver:   27.21.14.6192
Initialize mono
Mono path[0] = 'C:/Program Files/Unity/Hub/Editor/2021.1.3f1/Editor/Data/Managed'
Mono path[1] = 'C:/Program Files/Unity/Hub/Editor/2021.1.3f1/Editor/Data/MonoBleedingEdge/lib/mono/unityjit'
Mono config path = 'C:/Program Files/Unity/Hub/Editor/2021.1.3f1/Editor/Data/MonoBleedingEdge/etc'
Using monoOptions --debugger-agent=transport=dt_socket,embedding=1,server=y,suspend=n,address=127.0.0.1:56980
Begin MonoManager ReloadAssembly
Registering precompiled unity dll's ...
Register platform support module: C:/Program Files/Unity/Hub/Editor/2021.1.3f1/Editor/Data/PlaybackEngines/WebGLSupport/UnityEditor.WebGL.Extensions.dll
Register platform support module: C:/Program Files/Unity/Hub/Editor/2021.1.3f1/Editor/Data/PlaybackEngines/WindowsStandaloneSupport/UnityEditor.WindowsStandalone.Extensions.dll
Registered in 0.008426 seconds.
Native extension for WindowsStandalone target not found
Native extension for WebGL target not found
Refreshing native plugins compatible for Editor in 99.20 ms, found 1 plugins.
Preloading 0 native plugins for Editor in 0.00 ms.
Mono: successfully reloaded assembly
- Completed reload, in  4.057 seconds
Platform modules already initialized, skipping
Registering precompiled user dll's ...
Registered in 0.001655 seconds.
Begin MonoManager ReloadAssembly
Native extension for WindowsStandalone target not found
Native extension for WebGL target not found
Refreshing native plugins compatible for Editor in 102.71 ms, found 1 plugins.
Preloading 0 native plugins for Editor in 0.00 ms.
Mono: successfully reloaded assembly
- Completed reload, in  3.474 seconds
Platform modules already initialized, skipping
========================================================================
Worker process is ready to serve import requests
Launched and connected shader compiler UnityShaderCompiler.exe after 0.49 seconds
Refreshing native plugins compatible for Editor in 1.67 ms, found 1 plugins.
Preloading 0 native plugins for Editor in 0.00 ms.
Unloading 2309 Unused Serialized files (Serialized files now loaded: 0)
System memory in use before: 112.8 MB.
System memory in use after: 112.9 MB.

Unloading 20 unused Assets to reduce memory usage. Loaded Objects now: 2772.
Total: 11.172300 ms (FindLiveObjects: 0.415800 ms CreateObjectMapping: 0.254100 ms MarkObjects: 10.285500 ms  DeleteObjects: 0.213600 ms)

========================================================================
Received Import Request.
  path: Assets/2DGamekit/Readme.asset
  artifactKey: Guid(83c2ed844a8c74b779a4c823d16594b1) Importer(815301076,1909f56bfc062723c751e8b465ee728b)
Start importing Assets/2DGamekit/Readme.asset using Guid(83c2ed844a8c74b779a4c823d16594b1) Importer(815301076,1909f56bfc062723c751e8b465ee728b)  -> (artifact id: '3a5672dd301452760eb96daac3cf3483') in 0.370839 seconds 
========================================================================
Received Import Request.
  Time since last request: 7114.314197 seconds.
  path: Assets/Game
  artifactKey: Guid(6a0011b5e8bd4894e8396e736d0848ff) Importer(815301076,1909f56bfc062723c751e8b465ee728b)
Start importing Assets/Game using Guid(6a0011b5e8bd4894e8396e736d0848ff) Importer(815301076,1909f56bfc062723c751e8b465ee728b)  -> (artifact id: '748263ee364ab51bd58fe64c1e60332c') in 0.088665 seconds 
========================================================================
Received Import Request.
  Time since last request: 4.312492 seconds.
  path: Assets/Game/Level 2.2.unity
  artifactKey: Guid(7ef02088575a6204daf0905c6b8c8c22) Importer(815301076,1909f56bfc062723c751e8b465ee728b)
Start importing Assets/Game/Level 2.2.unity using Guid(7ef02088575a6204daf0905c6b8c8c22) Importer(815301076,1909f56bfc062723c751e8b465ee728b)  -> (artifact id: 'aa89cd4c86a8f2f3d1b8d96090152463') in 0.069182 seconds 
========================================================================
Received Import Request.
  Time since last request: 29.465035 seconds.
  path: Assets/Game/Level 2.unity
  artifactKey: Guid(9b8b7a2086f859e47a523fb8608814c1) Importer(815301076,1909f56bfc062723c751e8b465ee728b)
Start importing Assets/Game/Level 2.unity using Guid(9b8b7a2086f859e47a523fb8608814c1) Importer(815301076,1909f56bfc062723c751e8b465ee728b)  -> (artifact id: '0627da7be49fd81c81cfaf84da9c6b50') in 0.057347 seconds 
========================================================================
Received Prepare
Registering precompiled user dll's ...
Registered in 0.005529 seconds.
Begin MonoManager ReloadAssembly
Native extension for WindowsStandalone target not found
Native extension for WebGL target not found
Refreshing native plugins compatible for Editor in 3.81 ms, found 1 plugins.
Preloading 0 native plugins for Editor in 0.00 ms.
Mono: successfully reloaded assembly
- Completed reload, in  2.105 seconds
Platform modules already initialized, skipping
Refreshing native plugins compatible for Editor in 2.53 ms, found 1 plugins.
Preloading 0 native plugins for Editor in 0.00 ms.
Unloading 2251 Unused Serialized files (Serialized files now loaded: 0)
System memory in use before: 107.6 MB.
System memory in use after: 107.8 MB.

Unloading 8 unused Assets to reduce memory usage. Loaded Objects now: 2776.
Total: 32.490000 ms (FindLiveObjects: 1.361900 ms CreateObjectMapping: 0.880300 ms MarkObjects: 30.165400 ms  DeleteObjects: 0.034500 ms)

