Using pre-set license
Built from '2021.1/staging' branch; Version is '2021.1.3f1 (4bef613afd59) revision 4976481'; Using compiler version '192528614'; Build Type 'Release'
OS: 'Windows 10 Pro; OS build 19043.1110; Version 2009; 64bit' Language: 'pt' Physical Memory: 16315 MB
BatchMode: 1, IsHumanControllingUs: 0, StartBugReporterOnCrash: 0, Is64bit: 1, IsPro: 0

 COMMAND LINE ARGUMENTS:
D:\Unity\2021.1.3f1\Editor\Unity.exe
-adb2
-batchMode
-noUpm
-name
AssetImportWorker0
-projectPath
C:/Users/jhuli/Documents/GitHub/Game2DLearning/2D Project
-logFile
Logs/AssetImportWorker0.log
-srvPort
56548
Successfully changed project path to: C:/Users/jhuli/Documents/GitHub/Game2DLearning/2D Project
C:/Users/jhuli/Documents/GitHub/Game2DLearning/2D Project
Using Asset Import Pipeline V2.
Refreshing native plugins compatible for Editor in 58.91 ms, found 1 plugins.
Preloading 0 native plugins for Editor in 0.00 ms.
Initialize engine version: 2021.1.3f1 (4bef613afd59)
[Subsystems] Discovering subsystems at path D:/Unity/2021.1.3f1/Editor/Data/Resources/UnitySubsystems
[Subsystems] Discovering subsystems at path C:/Users/jhuli/Documents/GitHub/Game2DLearning/2D Project/Assets
GfxDevice: creating device client; threaded=0; jobified=0
Direct3D:
    Version:  Direct3D 11.0 [level 11.1]
    Renderer: NVIDIA GeForce GTX 1060 3GB (ID=0x1c02)
    Vendor:   NVIDIA
    VRAM:     2988 MB
    Driver:   30.0.14.7141
Initialize mono
Mono path[0] = 'D:/Unity/2021.1.3f1/Editor/Data/Managed'
Mono path[1] = 'D:/Unity/2021.1.3f1/Editor/Data/MonoBleedingEdge/lib/mono/unityjit'
Mono config path = 'D:/Unity/2021.1.3f1/Editor/Data/MonoBleedingEdge/etc'
Using monoOptions --debugger-agent=transport=dt_socket,embedding=1,server=y,suspend=n,address=127.0.0.1:56840
Begin MonoManager ReloadAssembly
Registering precompiled unity dll's ...
Register platform support module: D:/Unity/2021.1.3f1/Editor/Data/PlaybackEngines/WebGLSupport/UnityEditor.WebGL.Extensions.dll
Register platform support module: D:/Unity/2021.1.3f1/Editor/Data/PlaybackEngines/WindowsStandaloneSupport/UnityEditor.WindowsStandalone.Extensions.dll
Registered in 0.001232 seconds.
Native extension for WindowsStandalone target not found
Native extension for WebGL target not found
Refreshing native plugins compatible for Editor in 59.11 ms, found 1 plugins.
Preloading 0 native plugins for Editor in 0.00 ms.
Mono: successfully reloaded assembly
- Completed reload, in  8.385 seconds
Platform modules already initialized, skipping
Registering precompiled user dll's ...
Registered in 0.000799 seconds.
Begin MonoManager ReloadAssembly
Native extension for WindowsStandalone target not found
Native extension for WebGL target not found
Refreshing native plugins compatible for Editor in 54.27 ms, found 1 plugins.
Preloading 0 native plugins for Editor in 0.00 ms.
Mono: successfully reloaded assembly
- Completed reload, in  0.862 seconds
Platform modules already initialized, skipping
========================================================================
Worker process is ready to serve import requests
Launched and connected shader compiler UnityShaderCompiler.exe after 0.08 seconds
Refreshing native plugins compatible for Editor in 0.57 ms, found 1 plugins.
Preloading 0 native plugins for Editor in 0.00 ms.
Unloading 2310 Unused Serialized files (Serialized files now loaded: 0)
System memory in use before: 114.6 MB.
System memory in use after: 114.8 MB.

Unloading 19 unused Assets to reduce memory usage. Loaded Objects now: 2781.
Total: 2.400600 ms (FindLiveObjects: 0.237100 ms CreateObjectMapping: 0.059000 ms MarkObjects: 2.082300 ms  DeleteObjects: 0.021200 ms)

========================================================================
Received Import Request.
  path: Assets/Game/Control And Check/PlayrPrefsSaveMethod/StartLoader.cs
  artifactKey: Guid(7cf873de6fad324449b137f5ba47f299) Importer(815301076,1909f56bfc062723c751e8b465ee728b)
Start importing Assets/Game/Control And Check/PlayrPrefsSaveMethod/StartLoader.cs using Guid(7cf873de6fad324449b137f5ba47f299) Importer(815301076,1909f56bfc062723c751e8b465ee728b)  -> (artifact id: 'e0d8f2a5f1522c72f525822856089510') in 0.045129 seconds 
========================================================================
Received Prepare
Registering precompiled user dll's ...
Registered in 0.000991 seconds.
Begin MonoManager ReloadAssembly
Native extension for WindowsStandalone target not found
Native extension for WebGL target not found
Refreshing native plugins compatible for Editor in 0.60 ms, found 1 plugins.
Preloading 0 native plugins for Editor in 0.00 ms.
Mono: successfully reloaded assembly
- Completed reload, in  0.785 seconds
Platform modules already initialized, skipping
Refreshing native plugins compatible for Editor in 0.60 ms, found 1 plugins.
Preloading 0 native plugins for Editor in 0.00 ms.
Unloading 2253 Unused Serialized files (Serialized files now loaded: 0)
System memory in use before: 109.5 MB.
System memory in use after: 109.7 MB.

Unloading 9 unused Assets to reduce memory usage. Loaded Objects now: 2784.
Total: 2.034600 ms (FindLiveObjects: 0.216400 ms CreateObjectMapping: 0.053400 ms MarkObjects: 1.751800 ms  DeleteObjects: 0.012300 ms)

========================================================================
Received Import Request.
  Time since last request: 203.574216 seconds.
  path: Assets/Game/Control And Check/PlayrPrefsSaveMethod/StartLoader.cs
  artifactKey: Guid(7cf873de6fad324449b137f5ba47f299) Importer(815301076,1909f56bfc062723c751e8b465ee728b)
Start importing Assets/Game/Control And Check/PlayrPrefsSaveMethod/StartLoader.cs using Guid(7cf873de6fad324449b137f5ba47f299) Importer(815301076,1909f56bfc062723c751e8b465ee728b)  -> (artifact id: '647fb963336f2bd258494077e46ae92e') in 0.004450 seconds 
========================================================================
Received Prepare
Registering precompiled user dll's ...
Registered in 0.000936 seconds.
Begin MonoManager ReloadAssembly
Native extension for WindowsStandalone target not found
Native extension for WebGL target not found
Refreshing native plugins compatible for Editor in 0.65 ms, found 1 plugins.
Preloading 0 native plugins for Editor in 0.00 ms.
Mono: successfully reloaded assembly
- Completed reload, in  0.793 seconds
Platform modules already initialized, skipping
Refreshing native plugins compatible for Editor in 0.68 ms, found 1 plugins.
Preloading 0 native plugins for Editor in 0.00 ms.
Unloading 2253 Unused Serialized files (Serialized files now loaded: 0)
System memory in use before: 109.6 MB.
System memory in use after: 109.8 MB.

Unloading 9 unused Assets to reduce memory usage. Loaded Objects now: 2787.
Total: 2.139200 ms (FindLiveObjects: 0.195400 ms CreateObjectMapping: 0.051100 ms MarkObjects: 1.876600 ms  DeleteObjects: 0.015400 ms)

========================================================================
Received Prepare
Registering precompiled user dll's ...
Registered in 0.000994 seconds.
Begin MonoManager ReloadAssembly
Native extension for WindowsStandalone target not found
Native extension for WebGL target not found
Refreshing native plugins compatible for Editor in 0.57 ms, found 1 plugins.
Preloading 0 native plugins for Editor in 0.00 ms.
Mono: successfully reloaded assembly
- Completed reload, in  0.761 seconds
Platform modules already initialized, skipping
Refreshing native plugins compatible for Editor in 0.58 ms, found 1 plugins.
Preloading 0 native plugins for Editor in 0.00 ms.
Unloading 2253 Unused Serialized files (Serialized files now loaded: 0)
System memory in use before: 109.6 MB.
System memory in use after: 109.8 MB.

Unloading 9 unused Assets to reduce memory usage. Loaded Objects now: 2790.
Total: 2.043400 ms (FindLiveObjects: 0.219500 ms CreateObjectMapping: 0.054400 ms MarkObjects: 1.754000 ms  DeleteObjects: 0.014900 ms)

========================================================================
Received Prepare
Registering precompiled user dll's ...
Registered in 0.001087 seconds.
Begin MonoManager ReloadAssembly
Native extension for WindowsStandalone target not found
Native extension for WebGL target not found
Refreshing native plugins compatible for Editor in 0.60 ms, found 1 plugins.
Preloading 0 native plugins for Editor in 0.00 ms.
Mono: successfully reloaded assembly
- Completed reload, in  0.782 seconds
Platform modules already initialized, skipping
Refreshing native plugins compatible for Editor in 0.56 ms, found 1 plugins.
Preloading 0 native plugins for Editor in 0.00 ms.
Unloading 2253 Unused Serialized files (Serialized files now loaded: 0)
System memory in use before: 109.6 MB.
System memory in use after: 109.8 MB.

Unloading 9 unused Assets to reduce memory usage. Loaded Objects now: 2793.
Total: 2.260900 ms (FindLiveObjects: 0.228200 ms CreateObjectMapping: 0.054400 ms MarkObjects: 1.960800 ms  DeleteObjects: 0.016300 ms)

========================================================================
Received Import Request.
  Time since last request: 811.773774 seconds.
  path: Assets/Game/Control And Check/PlayrPrefsSaveMethod/StartLoader.cs
  artifactKey: Guid(7cf873de6fad324449b137f5ba47f299) Importer(815301076,1909f56bfc062723c751e8b465ee728b)
Start importing Assets/Game/Control And Check/PlayrPrefsSaveMethod/StartLoader.cs using Guid(7cf873de6fad324449b137f5ba47f299) Importer(815301076,1909f56bfc062723c751e8b465ee728b)  -> (artifact id: '811edb980b04dd95093b353bc363b90f') in 0.004496 seconds 
========================================================================
Received Prepare
Registering precompiled user dll's ...
Registered in 0.001017 seconds.
Begin MonoManager ReloadAssembly
Native extension for WindowsStandalone target not found
Native extension for WebGL target not found
Refreshing native plugins compatible for Editor in 0.57 ms, found 1 plugins.
Preloading 0 native plugins for Editor in 0.00 ms.
Mono: successfully reloaded assembly
- Completed reload, in  0.757 seconds
Platform modules already initialized, skipping
Refreshing native plugins compatible for Editor in 0.68 ms, found 1 plugins.
Preloading 0 native plugins for Editor in 0.00 ms.
Unloading 2253 Unused Serialized files (Serialized files now loaded: 0)
System memory in use before: 109.5 MB.
System memory in use after: 109.8 MB.

Unloading 9 unused Assets to reduce memory usage. Loaded Objects now: 2796.
Total: 2.225200 ms (FindLiveObjects: 0.272500 ms CreateObjectMapping: 0.062500 ms MarkObjects: 1.879300 ms  DeleteObjects: 0.010000 ms)

========================================================================
Received Prepare
Registering precompiled user dll's ...
Registered in 0.001074 seconds.
Begin MonoManager ReloadAssembly
Native extension for WindowsStandalone target not found
Native extension for WebGL target not found
Refreshing native plugins compatible for Editor in 0.59 ms, found 1 plugins.
Preloading 0 native plugins for Editor in 0.00 ms.
Mono: successfully reloaded assembly
- Completed reload, in  0.762 seconds
Platform modules already initialized, skipping
Refreshing native plugins compatible for Editor in 0.58 ms, found 1 plugins.
Preloading 0 native plugins for Editor in 0.00 ms.
Unloading 2253 Unused Serialized files (Serialized files now loaded: 0)
System memory in use before: 109.6 MB.
System memory in use after: 109.9 MB.

Unloading 9 unused Assets to reduce memory usage. Loaded Objects now: 2799.
Total: 2.098200 ms (FindLiveObjects: 0.236000 ms CreateObjectMapping: 0.055100 ms MarkObjects: 1.796000 ms  DeleteObjects: 0.010300 ms)

========================================================================
Received Import Request.
  Time since last request: 613.270587 seconds.
  path: Assets/Game/Control And Check/PlayrPrefsSaveMethod/StartLoader.cs
  artifactKey: Guid(7cf873de6fad324449b137f5ba47f299) Importer(815301076,1909f56bfc062723c751e8b465ee728b)
Start importing Assets/Game/Control And Check/PlayrPrefsSaveMethod/StartLoader.cs using Guid(7cf873de6fad324449b137f5ba47f299) Importer(815301076,1909f56bfc062723c751e8b465ee728b)  -> (artifact id: 'f13139af192c75b815923f6adaece809') in 0.005078 seconds 
========================================================================
Received Import Request.
  Time since last request: 14.849337 seconds.
  path: Assets/Game/Control And Check/PlayrPrefsSaveMethod/SaveFunctionUtility.cs
  artifactKey: Guid(7cf873de6fad324449b137f5ba47f299) Importer(815301076,1909f56bfc062723c751e8b465ee728b)
Start importing Assets/Game/Control And Check/PlayrPrefsSaveMethod/SaveFunctionUtility.cs using Guid(7cf873de6fad324449b137f5ba47f299) Importer(815301076,1909f56bfc062723c751e8b465ee728b)  -> (artifact id: 'abaca750004543d6fffdc3fdc40dd3d8') in 0.005475 seconds 
========================================================================
Received Prepare
Registering precompiled user dll's ...
Registered in 0.001205 seconds.
Begin MonoManager ReloadAssembly
Native extension for WindowsStandalone target not found
Native extension for WebGL target not found
Refreshing native plugins compatible for Editor in 0.58 ms, found 1 plugins.
Preloading 0 native plugins for Editor in 0.00 ms.
Mono: successfully reloaded assembly
- Completed reload, in  0.765 seconds
Platform modules already initialized, skipping
Refreshing native plugins compatible for Editor in 0.65 ms, found 1 plugins.
Preloading 0 native plugins for Editor in 0.00 ms.
Unloading 2253 Unused Serialized files (Serialized files now loaded: 0)
System memory in use before: 109.7 MB.
System memory in use after: 109.9 MB.

Unloading 9 unused Assets to reduce memory usage. Loaded Objects now: 2802.
Total: 2.118300 ms (FindLiveObjects: 0.226500 ms CreateObjectMapping: 0.057500 ms MarkObjects: 1.820800 ms  DeleteObjects: 0.011100 ms)

========================================================================
Received Prepare
Registering precompiled user dll's ...
Registered in 0.001023 seconds.
Begin MonoManager ReloadAssembly
Native extension for WindowsStandalone target not found
Native extension for WebGL target not found
Refreshing native plugins compatible for Editor in 0.58 ms, found 1 plugins.
Preloading 0 native plugins for Editor in 0.00 ms.
Mono: successfully reloaded assembly
- Completed reload, in  0.755 seconds
Platform modules already initialized, skipping
Refreshing native plugins compatible for Editor in 0.82 ms, found 1 plugins.
Preloading 0 native plugins for Editor in 0.00 ms.
Unloading 2254 Unused Serialized files (Serialized files now loaded: 0)
System memory in use before: 109.7 MB.
System memory in use after: 109.9 MB.

Unloading 9 unused Assets to reduce memory usage. Loaded Objects now: 2806.
Total: 2.015800 ms (FindLiveObjects: 0.219000 ms CreateObjectMapping: 0.054100 ms MarkObjects: 1.731100 ms  DeleteObjects: 0.010400 ms)

========================================================================
Received Import Request.
  Time since last request: 30.373070 seconds.
  path: Assets/Game/Control And Check/PlayrPrefsSaveMethod/StartLoader.cs
  artifactKey: Guid(ee2558c997519d54b800eb5dcaecc76b) Importer(815301076,1909f56bfc062723c751e8b465ee728b)
Start importing Assets/Game/Control And Check/PlayrPrefsSaveMethod/StartLoader.cs using Guid(ee2558c997519d54b800eb5dcaecc76b) Importer(815301076,1909f56bfc062723c751e8b465ee728b)  -> (artifact id: 'a9edd018d3b5769fa224c147c0d1acc5') in 0.004785 seconds 
========================================================================
Received Import Request.
  Time since last request: 40.114642 seconds.
  path: Assets/Game/Control And Check/PlayrPrefsSaveMethod/SaveFunctionUtility.cs
  artifactKey: Guid(7cf873de6fad324449b137f5ba47f299) Importer(815301076,1909f56bfc062723c751e8b465ee728b)
Start importing Assets/Game/Control And Check/PlayrPrefsSaveMethod/SaveFunctionUtility.cs using Guid(7cf873de6fad324449b137f5ba47f299) Importer(815301076,1909f56bfc062723c751e8b465ee728b)  -> (artifact id: 'c37468bdd5a3e0e29de2105c20fbb00d') in 0.002351 seconds 
========================================================================
Received Prepare
Registering precompiled user dll's ...
Registered in 0.001037 seconds.
Begin MonoManager ReloadAssembly
Native extension for WindowsStandalone target not found
Native extension for WebGL target not found
Refreshing native plugins compatible for Editor in 0.58 ms, found 1 plugins.
Preloading 0 native plugins for Editor in 0.00 ms.
Mono: successfully reloaded assembly
- Completed reload, in  0.744 seconds
Platform modules already initialized, skipping
Refreshing native plugins compatible for Editor in 0.61 ms, found 1 plugins.
Preloading 0 native plugins for Editor in 0.00 ms.
Unloading 2253 Unused Serialized files (Serialized files now loaded: 0)
System memory in use before: 109.7 MB.
System memory in use after: 109.9 MB.

Unloading 9 unused Assets to reduce memory usage. Loaded Objects now: 2809.
Total: 2.114900 ms (FindLiveObjects: 0.233100 ms CreateObjectMapping: 0.066600 ms MarkObjects: 1.803400 ms  DeleteObjects: 0.010700 ms)

========================================================================
Received Prepare
Registering precompiled user dll's ...
Registered in 0.001066 seconds.
Begin MonoManager ReloadAssembly
Native extension for WindowsStandalone target not found
Native extension for WebGL target not found
Refreshing native plugins compatible for Editor in 0.57 ms, found 1 plugins.
Preloading 0 native plugins for Editor in 0.00 ms.
Mono: successfully reloaded assembly
- Completed reload, in  0.754 seconds
Platform modules already initialized, skipping
Refreshing native plugins compatible for Editor in 0.75 ms, found 1 plugins.
Preloading 0 native plugins for Editor in 0.00 ms.
Unloading 2253 Unused Serialized files (Serialized files now loaded: 0)
System memory in use before: 109.6 MB.
System memory in use after: 109.8 MB.

Unloading 9 unused Assets to reduce memory usage. Loaded Objects now: 2812.
Total: 2.514300 ms (FindLiveObjects: 0.391500 ms CreateObjectMapping: 0.091700 ms MarkObjects: 2.012100 ms  DeleteObjects: 0.017600 ms)

========================================================================
Received Prepare
Registering precompiled user dll's ...
Registered in 0.000998 seconds.
Begin MonoManager ReloadAssembly
Native extension for WindowsStandalone target not found
Native extension for WebGL target not found
Refreshing native plugins compatible for Editor in 0.58 ms, found 1 plugins.
Preloading 0 native plugins for Editor in 0.00 ms.
Mono: successfully reloaded assembly
- Completed reload, in  0.763 seconds
Platform modules already initialized, skipping
Refreshing native plugins compatible for Editor in 0.62 ms, found 1 plugins.
Preloading 0 native plugins for Editor in 0.00 ms.
Unloading 2253 Unused Serialized files (Serialized files now loaded: 0)
System memory in use before: 109.7 MB.
System memory in use after: 109.9 MB.

Unloading 9 unused Assets to reduce memory usage. Loaded Objects now: 2815.
Total: 2.218700 ms (FindLiveObjects: 0.227600 ms CreateObjectMapping: 0.055500 ms MarkObjects: 1.923600 ms  DeleteObjects: 0.011500 ms)

========================================================================
Received Prepare
Registering precompiled user dll's ...
Registered in 0.000995 seconds.
Begin MonoManager ReloadAssembly
Native extension for WindowsStandalone target not found
Native extension for WebGL target not found
Refreshing native plugins compatible for Editor in 0.58 ms, found 1 plugins.
Preloading 0 native plugins for Editor in 0.00 ms.
Mono: successfully reloaded assembly
- Completed reload, in  0.766 seconds
Platform modules already initialized, skipping
Refreshing native plugins compatible for Editor in 0.72 ms, found 1 plugins.
Preloading 0 native plugins for Editor in 0.00 ms.
Unloading 2253 Unused Serialized files (Serialized files now loaded: 0)
System memory in use before: 109.7 MB.
System memory in use after: 109.9 MB.

Unloading 9 unused Assets to reduce memory usage. Loaded Objects now: 2818.
Total: 2.558300 ms (FindLiveObjects: 0.270200 ms CreateObjectMapping: 0.057600 ms MarkObjects: 2.215900 ms  DeleteObjects: 0.013600 ms)

========================================================================
Received Prepare
Registering precompiled user dll's ...
Registered in 0.001032 seconds.
Begin MonoManager ReloadAssembly
Native extension for WindowsStandalone target not found
Native extension for WebGL target not found
Refreshing native plugins compatible for Editor in 0.63 ms, found 1 plugins.
Preloading 0 native plugins for Editor in 0.00 ms.
Mono: successfully reloaded assembly
- Completed reload, in  0.782 seconds
Platform modules already initialized, skipping
Refreshing native plugins compatible for Editor in 0.60 ms, found 1 plugins.
Preloading 0 native plugins for Editor in 0.00 ms.
Unloading 2253 Unused Serialized files (Serialized files now loaded: 0)
System memory in use before: 109.7 MB.
System memory in use after: 109.9 MB.

Unloading 9 unused Assets to reduce memory usage. Loaded Objects now: 2821.
Total: 2.409200 ms (FindLiveObjects: 0.319200 ms CreateObjectMapping: 0.089000 ms MarkObjects: 1.987800 ms  DeleteObjects: 0.012400 ms)

========================================================================
Received Prepare
Registering precompiled user dll's ...
Registered in 0.000978 seconds.
Begin MonoManager ReloadAssembly
Native extension for WindowsStandalone target not found
Native extension for WebGL target not found
Refreshing native plugins compatible for Editor in 0.57 ms, found 1 plugins.
Preloading 0 native plugins for Editor in 0.00 ms.
Mono: successfully reloaded assembly
- Completed reload, in  0.760 seconds
Platform modules already initialized, skipping
Refreshing native plugins compatible for Editor in 0.60 ms, found 1 plugins.
Preloading 0 native plugins for Editor in 0.00 ms.
Unloading 2253 Unused Serialized files (Serialized files now loaded: 0)
System memory in use before: 109.7 MB.
System memory in use after: 109.9 MB.

Unloading 9 unused Assets to reduce memory usage. Loaded Objects now: 2824.
Total: 2.097700 ms (FindLiveObjects: 0.221000 ms CreateObjectMapping: 0.056300 ms MarkObjects: 1.805900 ms  DeleteObjects: 0.013700 ms)

========================================================================
Received Prepare
Registering precompiled user dll's ...
Registered in 0.001080 seconds.
Begin MonoManager ReloadAssembly
Native extension for WindowsStandalone target not found
Native extension for WebGL target not found
Refreshing native plugins compatible for Editor in 0.58 ms, found 1 plugins.
Preloading 0 native plugins for Editor in 0.00 ms.
Mono: successfully reloaded assembly
- Completed reload, in  0.748 seconds
Platform modules already initialized, skipping
Refreshing native plugins compatible for Editor in 0.60 ms, found 1 plugins.
Preloading 0 native plugins for Editor in 0.00 ms.
Unloading 2253 Unused Serialized files (Serialized files now loaded: 0)
System memory in use before: 109.6 MB.
System memory in use after: 109.8 MB.

Unloading 9 unused Assets to reduce memory usage. Loaded Objects now: 2827.
Total: 2.069200 ms (FindLiveObjects: 0.251200 ms CreateObjectMapping: 0.052200 ms MarkObjects: 1.754400 ms  DeleteObjects: 0.010700 ms)

========================================================================
Received Prepare
Registering precompiled user dll's ...
Registered in 0.000994 seconds.
Begin MonoManager ReloadAssembly
Native extension for WindowsStandalone target not found
Native extension for WebGL target not found
Refreshing native plugins compatible for Editor in 0.57 ms, found 1 plugins.
Preloading 0 native plugins for Editor in 0.00 ms.
Mono: successfully reloaded assembly
- Completed reload, in  0.754 seconds
Platform modules already initialized, skipping
Refreshing native plugins compatible for Editor in 0.58 ms, found 1 plugins.
Preloading 0 native plugins for Editor in 0.00 ms.
Unloading 2253 Unused Serialized files (Serialized files now loaded: 0)
System memory in use before: 109.7 MB.
System memory in use after: 109.9 MB.

Unloading 9 unused Assets to reduce memory usage. Loaded Objects now: 2830.
Total: 2.273600 ms (FindLiveObjects: 0.224600 ms CreateObjectMapping: 0.059000 ms MarkObjects: 1.976100 ms  DeleteObjects: 0.013100 ms)

========================================================================
Received Prepare
Registering precompiled user dll's ...
Registered in 0.000993 seconds.
Begin MonoManager ReloadAssembly
Native extension for WindowsStandalone target not found
Native extension for WebGL target not found
Refreshing native plugins compatible for Editor in 0.57 ms, found 1 plugins.
Preloading 0 native plugins for Editor in 0.00 ms.
Mono: successfully reloaded assembly
- Completed reload, in  0.753 seconds
Platform modules already initialized, skipping
Refreshing native plugins compatible for Editor in 0.57 ms, found 1 plugins.
Preloading 0 native plugins for Editor in 0.00 ms.
Unloading 2253 Unused Serialized files (Serialized files now loaded: 0)
System memory in use before: 109.7 MB.
System memory in use after: 109.9 MB.

Unloading 9 unused Assets to reduce memory usage. Loaded Objects now: 2833.
Total: 2.058400 ms (FindLiveObjects: 0.255400 ms CreateObjectMapping: 0.057800 ms MarkObjects: 1.733500 ms  DeleteObjects: 0.011000 ms)

========================================================================
Received Prepare
Registering precompiled user dll's ...
Registered in 0.000896 seconds.
Begin MonoManager ReloadAssembly
Native extension for WindowsStandalone target not found
Native extension for WebGL target not found
Refreshing native plugins compatible for Editor in 0.58 ms, found 1 plugins.
Preloading 0 native plugins for Editor in 0.00 ms.
Mono: successfully reloaded assembly
- Completed reload, in  0.734 seconds
Platform modules already initialized, skipping
Refreshing native plugins compatible for Editor in 0.58 ms, found 1 plugins.
Preloading 0 native plugins for Editor in 0.00 ms.
Unloading 2253 Unused Serialized files (Serialized files now loaded: 0)
System memory in use before: 109.8 MB.
System memory in use after: 110.0 MB.

Unloading 9 unused Assets to reduce memory usage. Loaded Objects now: 2836.
Total: 2.096500 ms (FindLiveObjects: 0.218600 ms CreateObjectMapping: 0.054600 ms MarkObjects: 1.810300 ms  DeleteObjects: 0.012400 ms)

========================================================================
Received Prepare
Registering precompiled user dll's ...
Registered in 0.000996 seconds.
Begin MonoManager ReloadAssembly
Native extension for WindowsStandalone target not found
Native extension for WebGL target not found
Refreshing native plugins compatible for Editor in 0.59 ms, found 1 plugins.
Preloading 0 native plugins for Editor in 0.00 ms.
Mono: successfully reloaded assembly
- Completed reload, in  0.752 seconds
Platform modules already initialized, skipping
Refreshing native plugins compatible for Editor in 0.60 ms, found 1 plugins.
Preloading 0 native plugins for Editor in 0.00 ms.
Unloading 2253 Unused Serialized files (Serialized files now loaded: 0)
System memory in use before: 109.8 MB.
System memory in use after: 110.0 MB.

Unloading 9 unused Assets to reduce memory usage. Loaded Objects now: 2839.
Total: 2.104000 ms (FindLiveObjects: 0.220400 ms CreateObjectMapping: 0.055700 ms MarkObjects: 1.816700 ms  DeleteObjects: 0.010500 ms)

========================================================================
Received Prepare
Registering precompiled user dll's ...
Registered in 0.001119 seconds.
Begin MonoManager ReloadAssembly
Native extension for WindowsStandalone target not found
Native extension for WebGL target not found
Refreshing native plugins compatible for Editor in 0.58 ms, found 1 plugins.
Preloading 0 native plugins for Editor in 0.00 ms.
Mono: successfully reloaded assembly
- Completed reload, in  0.746 seconds
Platform modules already initialized, skipping
Refreshing native plugins compatible for Editor in 0.57 ms, found 1 plugins.
Preloading 0 native plugins for Editor in 0.00 ms.
Unloading 2253 Unused Serialized files (Serialized files now loaded: 0)
System memory in use before: 109.7 MB.
System memory in use after: 109.9 MB.

Unloading 9 unused Assets to reduce memory usage. Loaded Objects now: 2842.
Total: 2.070100 ms (FindLiveObjects: 0.203000 ms CreateObjectMapping: 0.058900 ms MarkObjects: 1.797000 ms  DeleteObjects: 0.010600 ms)

========================================================================
Received Prepare
Registering precompiled user dll's ...
Registered in 0.000944 seconds.
Begin MonoManager ReloadAssembly
Native extension for WindowsStandalone target not found
Native extension for WebGL target not found
Refreshing native plugins compatible for Editor in 0.58 ms, found 1 plugins.
Preloading 0 native plugins for Editor in 0.00 ms.
Mono: successfully reloaded assembly
- Completed reload, in  0.745 seconds
Platform modules already initialized, skipping
Refreshing native plugins compatible for Editor in 0.58 ms, found 1 plugins.
Preloading 0 native plugins for Editor in 0.00 ms.
Unloading 2253 Unused Serialized files (Serialized files now loaded: 0)
System memory in use before: 109.8 MB.
System memory in use after: 110.0 MB.

Unloading 9 unused Assets to reduce memory usage. Loaded Objects now: 2845.
Total: 2.008600 ms (FindLiveObjects: 0.211900 ms CreateObjectMapping: 0.052900 ms MarkObjects: 1.732200 ms  DeleteObjects: 0.010700 ms)

========================================================================
Received Prepare
Registering precompiled user dll's ...
Registered in 0.001017 seconds.
Begin MonoManager ReloadAssembly
Native extension for WindowsStandalone target not found
Native extension for WebGL target not found
Refreshing native plugins compatible for Editor in 0.59 ms, found 1 plugins.
Preloading 0 native plugins for Editor in 0.00 ms.
Mono: successfully reloaded assembly
- Completed reload, in  0.764 seconds
Platform modules already initialized, skipping
Refreshing native plugins compatible for Editor in 0.58 ms, found 1 plugins.
Preloading 0 native plugins for Editor in 0.00 ms.
Unloading 2253 Unused Serialized files (Serialized files now loaded: 0)
System memory in use before: 109.8 MB.
System memory in use after: 110.0 MB.

Unloading 9 unused Assets to reduce memory usage. Loaded Objects now: 2848.
Total: 2.712100 ms (FindLiveObjects: 0.386400 ms CreateObjectMapping: 0.086300 ms MarkObjects: 2.221500 ms  DeleteObjects: 0.016600 ms)

========================================================================
Received Prepare
Registering precompiled user dll's ...
Registered in 0.001280 seconds.
Begin MonoManager ReloadAssembly
Native extension for WindowsStandalone target not found
Native extension for WebGL target not found
Refreshing native plugins compatible for Editor in 0.69 ms, found 1 plugins.
Preloading 0 native plugins for Editor in 0.00 ms.
Mono: successfully reloaded assembly
- Completed reload, in  0.855 seconds
Platform modules already initialized, skipping
Refreshing native plugins compatible for Editor in 0.65 ms, found 1 plugins.
Preloading 0 native plugins for Editor in 0.00 ms.
Unloading 2253 Unused Serialized files (Serialized files now loaded: 0)
System memory in use before: 109.8 MB.
System memory in use after: 110.0 MB.

Unloading 9 unused Assets to reduce memory usage. Loaded Objects now: 2851.
Total: 2.553200 ms (FindLiveObjects: 0.338800 ms CreateObjectMapping: 0.055900 ms MarkObjects: 2.141100 ms  DeleteObjects: 0.016400 ms)

========================================================================
Received Prepare
Registering precompiled user dll's ...
Registered in 0.001021 seconds.
Begin MonoManager ReloadAssembly
Native extension for WindowsStandalone target not found
Native extension for WebGL target not found
Refreshing native plugins compatible for Editor in 0.59 ms, found 1 plugins.
Preloading 0 native plugins for Editor in 0.00 ms.
Mono: successfully reloaded assembly
- Completed reload, in  0.755 seconds
Platform modules already initialized, skipping
Refreshing native plugins compatible for Editor in 0.58 ms, found 1 plugins.
Preloading 0 native plugins for Editor in 0.00 ms.
Unloading 2253 Unused Serialized files (Serialized files now loaded: 0)
System memory in use before: 109.8 MB.
System memory in use after: 110.0 MB.

Unloading 9 unused Assets to reduce memory usage. Loaded Objects now: 2854.
Total: 2.156500 ms (FindLiveObjects: 0.297400 ms CreateObjectMapping: 0.058200 ms MarkObjects: 1.789400 ms  DeleteObjects: 0.010400 ms)

========================================================================
Received Prepare
Registering precompiled user dll's ...
Registered in 0.001004 seconds.
Begin MonoManager ReloadAssembly
Native extension for WindowsStandalone target not found
Native extension for WebGL target not found
Refreshing native plugins compatible for Editor in 0.57 ms, found 1 plugins.
Preloading 0 native plugins for Editor in 0.00 ms.
Mono: successfully reloaded assembly
- Completed reload, in  0.746 seconds
Platform modules already initialized, skipping
Refreshing native plugins compatible for Editor in 0.66 ms, found 1 plugins.
Preloading 0 native plugins for Editor in 0.00 ms.
Unloading 2253 Unused Serialized files (Serialized files now loaded: 0)
System memory in use before: 109.7 MB.
System memory in use after: 109.9 MB.

Unloading 9 unused Assets to reduce memory usage. Loaded Objects now: 2857.
Total: 2.075900 ms (FindLiveObjects: 0.207000 ms CreateObjectMapping: 0.054000 ms MarkObjects: 1.804100 ms  DeleteObjects: 0.009900 ms)

========================================================================
Received Prepare
Registering precompiled user dll's ...
Registered in 0.001135 seconds.
Begin MonoManager ReloadAssembly
Native extension for WindowsStandalone target not found
Native extension for WebGL target not found
Refreshing native plugins compatible for Editor in 0.59 ms, found 1 plugins.
Preloading 0 native plugins for Editor in 0.00 ms.
Mono: successfully reloaded assembly
- Completed reload, in  0.750 seconds
Platform modules already initialized, skipping
Refreshing native plugins compatible for Editor in 0.62 ms, found 1 plugins.
Preloading 0 native plugins for Editor in 0.00 ms.
Unloading 2253 Unused Serialized files (Serialized files now loaded: 0)
System memory in use before: 109.8 MB.
System memory in use after: 110.0 MB.

Unloading 9 unused Assets to reduce memory usage. Loaded Objects now: 2860.
Total: 2.549500 ms (FindLiveObjects: 0.230100 ms CreateObjectMapping: 0.054800 ms MarkObjects: 2.249400 ms  DeleteObjects: 0.014400 ms)

========================================================================
Received Prepare
Registering precompiled user dll's ...
Registered in 0.001062 seconds.
Begin MonoManager ReloadAssembly
Native extension for WindowsStandalone target not found
Native extension for WebGL target not found
Refreshing native plugins compatible for Editor in 0.60 ms, found 1 plugins.
Preloading 0 native plugins for Editor in 0.00 ms.
Mono: successfully reloaded assembly
- Completed reload, in  0.761 seconds
Platform modules already initialized, skipping
Refreshing native plugins compatible for Editor in 0.57 ms, found 1 plugins.
Preloading 0 native plugins for Editor in 0.00 ms.
Unloading 2253 Unused Serialized files (Serialized files now loaded: 0)
System memory in use before: 109.8 MB.
System memory in use after: 110.0 MB.

Unloading 9 unused Assets to reduce memory usage. Loaded Objects now: 2863.
Total: 2.186000 ms (FindLiveObjects: 0.274700 ms CreateObjectMapping: 0.054600 ms MarkObjects: 1.844600 ms  DeleteObjects: 0.011300 ms)

========================================================================
Received Prepare
Registering precompiled user dll's ...
Registered in 0.001070 seconds.
Begin MonoManager ReloadAssembly
Native extension for WindowsStandalone target not found
Native extension for WebGL target not found
Refreshing native plugins compatible for Editor in 0.58 ms, found 1 plugins.
Preloading 0 native plugins for Editor in 0.00 ms.
Mono: successfully reloaded assembly
- Completed reload, in  0.749 seconds
Platform modules already initialized, skipping
Refreshing native plugins compatible for Editor in 0.58 ms, found 1 plugins.
Preloading 0 native plugins for Editor in 0.00 ms.
Unloading 2253 Unused Serialized files (Serialized files now loaded: 0)
System memory in use before: 109.8 MB.
System memory in use after: 110.0 MB.

Unloading 9 unused Assets to reduce memory usage. Loaded Objects now: 2866.
Total: 2.143700 ms (FindLiveObjects: 0.228000 ms CreateObjectMapping: 0.060800 ms MarkObjects: 1.843600 ms  DeleteObjects: 0.010600 ms)

========================================================================
Received Prepare
Registering precompiled user dll's ...
Registered in 0.000904 seconds.
Begin MonoManager ReloadAssembly
Native extension for WindowsStandalone target not found
Native extension for WebGL target not found
Refreshing native plugins compatible for Editor in 0.58 ms, found 1 plugins.
Preloading 0 native plugins for Editor in 0.00 ms.
Mono: successfully reloaded assembly
- Completed reload, in  0.768 seconds
Platform modules already initialized, skipping
Refreshing native plugins compatible for Editor in 0.59 ms, found 1 plugins.
Preloading 0 native plugins for Editor in 0.00 ms.
Unloading 2253 Unused Serialized files (Serialized files now loaded: 0)
System memory in use before: 109.8 MB.
System memory in use after: 110.1 MB.

Unloading 9 unused Assets to reduce memory usage. Loaded Objects now: 2869.
Total: 2.292500 ms (FindLiveObjects: 0.232000 ms CreateObjectMapping: 0.058600 ms MarkObjects: 1.989200 ms  DeleteObjects: 0.012100 ms)

========================================================================
Received Prepare
Registering precompiled user dll's ...
Registered in 0.000997 seconds.
Begin MonoManager ReloadAssembly
Native extension for WindowsStandalone target not found
Native extension for WebGL target not found
Refreshing native plugins compatible for Editor in 0.58 ms, found 1 plugins.
Preloading 0 native plugins for Editor in 0.00 ms.
Mono: successfully reloaded assembly
- Completed reload, in  0.742 seconds
Platform modules already initialized, skipping
Refreshing native plugins compatible for Editor in 0.58 ms, found 1 plugins.
Preloading 0 native plugins for Editor in 0.00 ms.
Unloading 2253 Unused Serialized files (Serialized files now loaded: 0)
System memory in use before: 109.8 MB.
System memory in use after: 110.0 MB.

Unloading 9 unused Assets to reduce memory usage. Loaded Objects now: 2872.
Total: 2.086600 ms (FindLiveObjects: 0.217200 ms CreateObjectMapping: 0.059000 ms MarkObjects: 1.798300 ms  DeleteObjects: 0.011300 ms)

========================================================================
Received Prepare
Registering precompiled user dll's ...
Registered in 0.001018 seconds.
Begin MonoManager ReloadAssembly
Native extension for WindowsStandalone target not found
Native extension for WebGL target not found
Refreshing native plugins compatible for Editor in 0.64 ms, found 1 plugins.
Preloading 0 native plugins for Editor in 0.00 ms.
Mono: successfully reloaded assembly
- Completed reload, in  0.773 seconds
Platform modules already initialized, skipping
Refreshing native plugins compatible for Editor in 0.59 ms, found 1 plugins.
Preloading 0 native plugins for Editor in 0.00 ms.
Unloading 2253 Unused Serialized files (Serialized files now loaded: 0)
System memory in use before: 109.9 MB.
System memory in use after: 110.1 MB.

Unloading 9 unused Assets to reduce memory usage. Loaded Objects now: 2875.
Total: 2.128400 ms (FindLiveObjects: 0.225100 ms CreateObjectMapping: 0.063200 ms MarkObjects: 1.828600 ms  DeleteObjects: 0.010900 ms)

========================================================================
Received Prepare
Registering precompiled user dll's ...
Registered in 0.001012 seconds.
Begin MonoManager ReloadAssembly
Native extension for WindowsStandalone target not found
Native extension for WebGL target not found
Refreshing native plugins compatible for Editor in 0.59 ms, found 1 plugins.
Preloading 0 native plugins for Editor in 0.00 ms.
Mono: successfully reloaded assembly
- Completed reload, in  0.761 seconds
Platform modules already initialized, skipping
Refreshing native plugins compatible for Editor in 0.68 ms, found 1 plugins.
Preloading 0 native plugins for Editor in 0.00 ms.
Unloading 2253 Unused Serialized files (Serialized files now loaded: 0)
System memory in use before: 109.9 MB.
System memory in use after: 110.1 MB.

Unloading 9 unused Assets to reduce memory usage. Loaded Objects now: 2878.
Total: 2.254700 ms (FindLiveObjects: 0.208700 ms CreateObjectMapping: 0.060800 ms MarkObjects: 1.970700 ms  DeleteObjects: 0.013800 ms)

========================================================================
Received Prepare
Registering precompiled user dll's ...
Registered in 0.001012 seconds.
Begin MonoManager ReloadAssembly
Native extension for WindowsStandalone target not found
Native extension for WebGL target not found
Refreshing native plugins compatible for Editor in 0.60 ms, found 1 plugins.
Preloading 0 native plugins for Editor in 0.00 ms.
Mono: successfully reloaded assembly
- Completed reload, in  0.769 seconds
Platform modules already initialized, skipping
Refreshing native plugins compatible for Editor in 0.73 ms, found 1 plugins.
Preloading 0 native plugins for Editor in 0.00 ms.
Unloading 2253 Unused Serialized files (Serialized files now loaded: 0)
System memory in use before: 109.9 MB.
System memory in use after: 110.1 MB.

Unloading 9 unused Assets to reduce memory usage. Loaded Objects now: 2881.
Total: 2.135900 ms (FindLiveObjects: 0.235000 ms CreateObjectMapping: 0.054700 ms MarkObjects: 1.834300 ms  DeleteObjects: 0.011400 ms)

========================================================================
Received Prepare
Registering precompiled user dll's ...
Registered in 0.001594 seconds.
Begin MonoManager ReloadAssembly
Native extension for WindowsStandalone target not found
Native extension for WebGL target not found
Refreshing native plugins compatible for Editor in 0.59 ms, found 1 plugins.
Preloading 0 native plugins for Editor in 0.00 ms.
Mono: successfully reloaded assembly
- Completed reload, in  0.734 seconds
Platform modules already initialized, skipping
Refreshing native plugins compatible for Editor in 0.56 ms, found 1 plugins.
Preloading 0 native plugins for Editor in 0.00 ms.
Unloading 2253 Unused Serialized files (Serialized files now loaded: 0)
System memory in use before: 109.9 MB.
System memory in use after: 110.1 MB.

Unloading 9 unused Assets to reduce memory usage. Loaded Objects now: 2884.
Total: 2.106000 ms (FindLiveObjects: 0.233200 ms CreateObjectMapping: 0.056300 ms MarkObjects: 1.805100 ms  DeleteObjects: 0.010600 ms)

========================================================================
Received Prepare
Registering precompiled user dll's ...
Registered in 0.000984 seconds.
Begin MonoManager ReloadAssembly
Native extension for WindowsStandalone target not found
Native extension for WebGL target not found
Refreshing native plugins compatible for Editor in 0.61 ms, found 1 plugins.
Preloading 0 native plugins for Editor in 0.00 ms.
Mono: successfully reloaded assembly
- Completed reload, in  0.752 seconds
Platform modules already initialized, skipping
Refreshing native plugins compatible for Editor in 0.63 ms, found 1 plugins.
Preloading 0 native plugins for Editor in 0.00 ms.
Unloading 2253 Unused Serialized files (Serialized files now loaded: 0)
System memory in use before: 109.8 MB.
System memory in use after: 110.0 MB.

Unloading 9 unused Assets to reduce memory usage. Loaded Objects now: 2887.
Total: 2.279800 ms (FindLiveObjects: 0.216200 ms CreateObjectMapping: 0.055000 ms MarkObjects: 1.994500 ms  DeleteObjects: 0.013200 ms)

========================================================================
Received Prepare
Registering precompiled user dll's ...
Registered in 0.001318 seconds.
Begin MonoManager ReloadAssembly
Native extension for WindowsStandalone target not found
Native extension for WebGL target not found
Refreshing native plugins compatible for Editor in 0.60 ms, found 1 plugins.
Preloading 0 native plugins for Editor in 0.00 ms.
Mono: successfully reloaded assembly
- Completed reload, in  0.745 seconds
Platform modules already initialized, skipping
Refreshing native plugins compatible for Editor in 0.67 ms, found 1 plugins.
Preloading 0 native plugins for Editor in 0.00 ms.
Unloading 2253 Unused Serialized files (Serialized files now loaded: 0)
System memory in use before: 109.9 MB.
System memory in use after: 110.1 MB.

Unloading 9 unused Assets to reduce memory usage. Loaded Objects now: 2890.
Total: 2.741700 ms (FindLiveObjects: 0.314100 ms CreateObjectMapping: 0.056400 ms MarkObjects: 2.355400 ms  DeleteObjects: 0.014700 ms)

AssetImportWorkerClient::OnTransportError - code=2 error=End of file
