Using pre-set license
Built from '2021.1/staging' branch; Version is '2021.1.3f1 (4bef613afd59) revision 4976481'; Using compiler version '192528614'; Build Type 'Release'
OS: 'Windows 10 Home Single Language; OS build 19043.1110; Version 2009; 64bit' Language: 'pt' Physical Memory: 8060 MB
BatchMode: 1, IsHumanControllingUs: 0, StartBugReporterOnCrash: 0, Is64bit: 1, IsPro: 0

 COMMAND LINE ARGUMENTS:
C:\Program Files\Unity\Hub\Editor\2021.1.3f1\Editor\Unity.exe
-adb2
-batchMode
-noUpm
-name
AssetImportWorker2
-projectPath
C:/Users/lenoo/Documents/GitHub/Game2DLearning/2D Project
-logFile
Logs/AssetImportWorker2.log
-srvPort
51343
Successfully changed project path to: C:/Users/lenoo/Documents/GitHub/Game2DLearning/2D Project
C:/Users/lenoo/Documents/GitHub/Game2DLearning/2D Project
Using Asset Import Pipeline V2.
Refreshing native plugins compatible for Editor in 277.50 ms, found 1 plugins.
Preloading 0 native plugins for Editor in 0.00 ms.
Initialize engine version: 2021.1.3f1 (4bef613afd59)
[Subsystems] Discovering subsystems at path C:/Program Files/Unity/Hub/Editor/2021.1.3f1/Editor/Data/Resources/UnitySubsystems
[Subsystems] Discovering subsystems at path C:/Users/lenoo/Documents/GitHub/Game2DLearning/2D Project/Assets
GfxDevice: creating device client; threaded=0; jobified=0
Direct3D:
    Version:  Direct3D 11.0 [level 11.1]
    Renderer: NVIDIA GeForce GTX 1050 (ID=0x1c8d)
    Vendor:   NVIDIA
    VRAM:     4021 MB
    Driver:   27.21.14.6192
Initialize mono
Mono path[0] = 'C:/Program Files/Unity/Hub/Editor/2021.1.3f1/Editor/Data/Managed'
Mono path[1] = 'C:/Program Files/Unity/Hub/Editor/2021.1.3f1/Editor/Data/MonoBleedingEdge/lib/mono/unityjit'
Mono config path = 'C:/Program Files/Unity/Hub/Editor/2021.1.3f1/Editor/Data/MonoBleedingEdge/etc'
Using monoOptions --debugger-agent=transport=dt_socket,embedding=1,server=y,suspend=n,address=127.0.0.1:56648
Begin MonoManager ReloadAssembly
Registering precompiled unity dll's ...
Register platform support module: C:/Program Files/Unity/Hub/Editor/2021.1.3f1/Editor/Data/PlaybackEngines/WebGLSupport/UnityEditor.WebGL.Extensions.dll
Register platform support module: C:/Program Files/Unity/Hub/Editor/2021.1.3f1/Editor/Data/PlaybackEngines/WindowsStandaloneSupport/UnityEditor.WindowsStandalone.Extensions.dll
Registered in 0.003291 seconds.
Native extension for WindowsStandalone target not found
Native extension for WebGL target not found
Refreshing native plugins compatible for Editor in 90.88 ms, found 1 plugins.
Preloading 0 native plugins for Editor in 0.00 ms.
Mono: successfully reloaded assembly
- Completed reload, in  2.964 seconds
Platform modules already initialized, skipping
Registering precompiled user dll's ...
Registered in 0.001984 seconds.
Begin MonoManager ReloadAssembly
Native extension for WindowsStandalone target not found
Native extension for WebGL target not found
Refreshing native plugins compatible for Editor in 83.98 ms, found 1 plugins.
Preloading 0 native plugins for Editor in 0.00 ms.
Mono: successfully reloaded assembly
- Completed reload, in  1.721 seconds
Platform modules already initialized, skipping
========================================================================
Worker process is ready to serve import requests
Launched and connected shader compiler UnityShaderCompiler.exe after 0.41 seconds
Refreshing native plugins compatible for Editor in 0.75 ms, found 1 plugins.
Preloading 0 native plugins for Editor in 0.00 ms.
Unloading 2311 Unused Serialized files (Serialized files now loaded: 0)
System memory in use before: 113.4 MB.
System memory in use after: 113.7 MB.

Unloading 19 unused Assets to reduce memory usage. Loaded Objects now: 2780.
Total: 4.664000 ms (FindLiveObjects: 0.362500 ms CreateObjectMapping: 0.389800 ms MarkObjects: 3.838600 ms  DeleteObjects: 0.071600 ms)

========================================================================
Received Import Request.
  path: Assets/Game/Scenes
  artifactKey: Guid(7689ab0bf8666aa458f27b324f0820a3) Importer(815301076,1909f56bfc062723c751e8b465ee728b)
Start importing Assets/Game/Scenes using Guid(7689ab0bf8666aa458f27b324f0820a3) Importer(815301076,1909f56bfc062723c751e8b465ee728b)  -> (artifact id: '8019b5353bbf2ce460cd15ed58aa6c4c') in 0.015386 seconds 
========================================================================
Received Import Request.
  Time since last request: 0.001057 seconds.
  path: Assets/Game/Scenes/LoohanWorks.unity
  artifactKey: Guid(94f8f6c50f50b6542942c9fc91870223) Importer(815301076,1909f56bfc062723c751e8b465ee728b)
Start importing Assets/Game/Scenes/LoohanWorks.unity using Guid(94f8f6c50f50b6542942c9fc91870223) Importer(815301076,1909f56bfc062723c751e8b465ee728b)  -> (artifact id: '4537eaf6296e575a2e6f5dd514cb255d') in 0.026143 seconds 
========================================================================
Received Import Request.
  Time since last request: 382.930236 seconds.
  path: Assets/Game/Robo de teste 1
  artifactKey: Guid(953c2d53727e84b4481e46c5a97468bc) Importer(815301076,1909f56bfc062723c751e8b465ee728b)
Start importing Assets/Game/Robo de teste 1 using Guid(953c2d53727e84b4481e46c5a97468bc) Importer(815301076,1909f56bfc062723c751e8b465ee728b)  -> (artifact id: '302486adbed65c8d300b6ac9356dcc2b') in 0.075258 seconds 
========================================================================
Received Import Request.
  Time since last request: 36.158066 seconds.
  path: Assets/Game/Anim_Model-assets
  artifactKey: Guid(80759c0f1f171ec429d24c1538de52b1) Importer(815301076,1909f56bfc062723c751e8b465ee728b)
Start importing Assets/Game/Anim_Model-assets using Guid(80759c0f1f171ec429d24c1538de52b1) Importer(815301076,1909f56bfc062723c751e8b465ee728b)  -> (artifact id: '0a936d515c4d58e53cd029fff51a48e2') in 0.012501 seconds 
========================================================================
Received Import Request.
  Time since last request: 14.758023 seconds.
  path: Assets/Game/Anim_Model-assets/robo de teste 2
  artifactKey: Guid(5bea6dc82bb34524898ee3efe1273cc2) Importer(815301076,1909f56bfc062723c751e8b465ee728b)
Start importing Assets/Game/Anim_Model-assets/robo de teste 2 using Guid(5bea6dc82bb34524898ee3efe1273cc2) Importer(815301076,1909f56bfc062723c751e8b465ee728b)  -> (artifact id: 'e9f5b7d11b6135199414f30a02255e27') in 0.055868 seconds 
========================================================================
Received Import Request.
  Time since last request: 1980.660948 seconds.
  path: Assets/Game/Anim_Model-assets/1.png
  artifactKey: Guid(a58a3591f2cd5c541b338b81bb633eb7) Importer(815301076,1909f56bfc062723c751e8b465ee728b)
Start importing Assets/Game/Anim_Model-assets/1.png using Guid(a58a3591f2cd5c541b338b81bb633eb7) Importer(815301076,1909f56bfc062723c751e8b465ee728b)  -> (artifact id: '458ae9238093768f5378b9876e828a3f') in 9.105195 seconds 
========================================================================
Received Import Request.
  Time since last request: 0.000590 seconds.
  path: Assets/Game/Anim_Model-assets/Robo de teste 1/1.png
  artifactKey: Guid(a58a3591f2cd5c541b338b81bb633eb7) Importer(815301076,1909f56bfc062723c751e8b465ee728b)
Start importing Assets/Game/Anim_Model-assets/Robo de teste 1/1.png using Guid(a58a3591f2cd5c541b338b81bb633eb7) Importer(815301076,1909f56bfc062723c751e8b465ee728b)  -> (artifact id: '458ae9238093768f5378b9876e828a3f') in 0.026172 seconds 
