Using pre-set license
Built from '2021.1/staging' branch; Version is '2021.1.3f1 (4bef613afd59) revision 4976481'; Using compiler version '192528614'; Build Type 'Release'
OS: 'Windows 10 Pro; OS build 19043.1110; Version 2009; 64bit' Language: 'pt' Physical Memory: 16315 MB
BatchMode: 1, IsHumanControllingUs: 0, StartBugReporterOnCrash: 0, Is64bit: 1, IsPro: 0

 COMMAND LINE ARGUMENTS:
D:\Unity\2021.1.3f1\Editor\Unity.exe
-adb2
-batchMode
-noUpm
-name
AssetImportWorker0
-projectPath
C:/Users/jhuli/Documents/GitHub/Game2DLearning/2D Project
-logFile
Logs/AssetImportWorker0.log
-srvPort
65235
Successfully changed project path to: C:/Users/jhuli/Documents/GitHub/Game2DLearning/2D Project
C:/Users/jhuli/Documents/GitHub/Game2DLearning/2D Project
Using Asset Import Pipeline V2.
Refreshing native plugins compatible for Editor in 53.59 ms, found 1 plugins.
Preloading 0 native plugins for Editor in 0.00 ms.
Initialize engine version: 2021.1.3f1 (4bef613afd59)
[Subsystems] Discovering subsystems at path D:/Unity/2021.1.3f1/Editor/Data/Resources/UnitySubsystems
[Subsystems] Discovering subsystems at path C:/Users/jhuli/Documents/GitHub/Game2DLearning/2D Project/Assets
GfxDevice: creating device client; threaded=0; jobified=0
Direct3D:
    Version:  Direct3D 11.0 [level 11.1]
    Renderer: NVIDIA GeForce GTX 1060 3GB (ID=0x1c02)
    Vendor:   NVIDIA
    VRAM:     2988 MB
    Driver:   30.0.14.7111
Initialize mono
Mono path[0] = 'D:/Unity/2021.1.3f1/Editor/Data/Managed'
Mono path[1] = 'D:/Unity/2021.1.3f1/Editor/Data/MonoBleedingEdge/lib/mono/unityjit'
Mono config path = 'D:/Unity/2021.1.3f1/Editor/Data/MonoBleedingEdge/etc'
Using monoOptions --debugger-agent=transport=dt_socket,embedding=1,server=y,suspend=n,address=127.0.0.1:56112
Begin MonoManager ReloadAssembly
Registering precompiled unity dll's ...
Register platform support module: D:/Unity/2021.1.3f1/Editor/Data/PlaybackEngines/WebGLSupport/UnityEditor.WebGL.Extensions.dll
Register platform support module: D:/Unity/2021.1.3f1/Editor/Data/PlaybackEngines/WindowsStandaloneSupport/UnityEditor.WindowsStandalone.Extensions.dll
Registered in 0.001191 seconds.
Native extension for WindowsStandalone target not found
Native extension for WebGL target not found
Refreshing native plugins compatible for Editor in 59.27 ms, found 1 plugins.
Preloading 0 native plugins for Editor in 0.00 ms.
Mono: successfully reloaded assembly
- Completed reload, in  1.788 seconds
Platform modules already initialized, skipping
Registering precompiled user dll's ...
Registered in 0.000765 seconds.
Begin MonoManager ReloadAssembly
Native extension for WindowsStandalone target not found
Native extension for WebGL target not found
Refreshing native plugins compatible for Editor in 54.76 ms, found 1 plugins.
Preloading 0 native plugins for Editor in 0.00 ms.
Mono: successfully reloaded assembly
- Completed reload, in  0.873 seconds
Platform modules already initialized, skipping
========================================================================
Worker process is ready to serve import requests
Launched and connected shader compiler UnityShaderCompiler.exe after 0.08 seconds
Refreshing native plugins compatible for Editor in 1.02 ms, found 1 plugins.
Preloading 0 native plugins for Editor in 0.00 ms.
Unloading 2316 Unused Serialized files (Serialized files now loaded: 0)
System memory in use before: 113.6 MB.
System memory in use after: 113.9 MB.

Unloading 19 unused Assets to reduce memory usage. Loaded Objects now: 2787.
Total: 2.228400 ms (FindLiveObjects: 0.285700 ms CreateObjectMapping: 0.073900 ms MarkObjects: 1.850100 ms  DeleteObjects: 0.017600 ms)

========================================================================
Received Import Request.
  path: Assets/2DGamekit/Art/Materials/Interactables/InfoSign.mat
  artifactKey: Guid(1067fb38eccfeee449d14ef3395e6dd3) Importer(815301076,1909f56bfc062723c751e8b465ee728b)
Start importing Assets/2DGamekit/Art/Materials/Interactables/InfoSign.mat using Guid(1067fb38eccfeee449d14ef3395e6dd3) Importer(815301076,1909f56bfc062723c751e8b465ee728b)  -> (artifact id: 'd680ae6dd3927f6e00485961bd3c0618') in 0.176471 seconds 
========================================================================
Received Import Request.
  Time since last request: 0.000188 seconds.
  path: Assets/2DGamekit/Art/Materials/Environment/TilemapRock.mat
  artifactKey: Guid(b0a169f1165a6be4f8facfe051710f59) Importer(815301076,1909f56bfc062723c751e8b465ee728b)
Start importing Assets/2DGamekit/Art/Materials/Environment/TilemapRock.mat using Guid(b0a169f1165a6be4f8facfe051710f59) Importer(815301076,1909f56bfc062723c751e8b465ee728b)  -> (artifact id: '9e1f7a6fda039b7a5731fb9c1454179a') in 0.028348 seconds 
========================================================================
Received Import Request.
  Time since last request: 0.000148 seconds.
  path: Assets/2DGamekit/Art/Materials/Interactables/Teleporter.mat
  artifactKey: Guid(3461c5a9188919441af61f743fcac6b3) Importer(815301076,1909f56bfc062723c751e8b465ee728b)
Start importing Assets/2DGamekit/Art/Materials/Interactables/Teleporter.mat using Guid(3461c5a9188919441af61f743fcac6b3) Importer(815301076,1909f56bfc062723c751e8b465ee728b)  -> (artifact id: 'dd5acf2f5973f1a961e435d7ff033169') in 0.014151 seconds 
========================================================================
Received Import Request.
  Time since last request: 0.000179 seconds.
  path: Assets/2DGamekit/Art/Materials/Environment/LitTileBasic.mat
  artifactKey: Guid(850935974f6a0ae4c8770cbbb77f74d0) Importer(815301076,1909f56bfc062723c751e8b465ee728b)
Start importing Assets/2DGamekit/Art/Materials/Environment/LitTileBasic.mat using Guid(850935974f6a0ae4c8770cbbb77f74d0) Importer(815301076,1909f56bfc062723c751e8b465ee728b)  -> (artifact id: 'e2d8a6b5b911457f7f28dcb06076da73') in 0.011114 seconds 
========================================================================
Received Import Request.
  Time since last request: 0.000182 seconds.
  path: Assets/2DGamekit/Art/Materials/Environment/TilemapAlien.mat
  artifactKey: Guid(8ef1cb25bc81b544a8349f6e1787fd1f) Importer(815301076,1909f56bfc062723c751e8b465ee728b)
Start importing Assets/2DGamekit/Art/Materials/Environment/TilemapAlien.mat using Guid(8ef1cb25bc81b544a8349f6e1787fd1f) Importer(815301076,1909f56bfc062723c751e8b465ee728b)  -> (artifact id: '7a03352132339fafb190fa74c7161ff9') in 0.024731 seconds 
========================================================================
Received Import Request.
  Time since last request: 0.000153 seconds.
  path: Assets/2DGamekit/Art/Materials/Environment/RockWaterBlockerNormal.mat
  artifactKey: Guid(0ffb2fe72ae71614fbb1db4946755093) Importer(815301076,1909f56bfc062723c751e8b465ee728b)
Start importing Assets/2DGamekit/Art/Materials/Environment/RockWaterBlockerNormal.mat using Guid(0ffb2fe72ae71614fbb1db4946755093) Importer(815301076,1909f56bfc062723c751e8b465ee728b)  -> (artifact id: '472a520578feca48dbc0ea5d148b28da') in 0.026121 seconds 
========================================================================
Received Import Request.
  Time since last request: 0.000160 seconds.
  path: Assets/2DGamekit/Art/Materials/Interactables/RockDust02.mat
  artifactKey: Guid(d121d887ab5272d4089b26e22e22da93) Importer(815301076,1909f56bfc062723c751e8b465ee728b)
Start importing Assets/2DGamekit/Art/Materials/Interactables/RockDust02.mat using Guid(d121d887ab5272d4089b26e22e22da93) Importer(815301076,1909f56bfc062723c751e8b465ee728b)  -> (artifact id: '09103361f012b20035b416db3a63131b') in 0.018887 seconds 
========================================================================
Received Import Request.
  Time since last request: 0.000153 seconds.
  path: Assets/2DGamekit/Art/Materials/Environment/TilemapRockBG.mat
  artifactKey: Guid(5fa67ec605523b542b6a3ad3479021db) Importer(815301076,1909f56bfc062723c751e8b465ee728b)
Start importing Assets/2DGamekit/Art/Materials/Environment/TilemapRockBG.mat using Guid(5fa67ec605523b542b6a3ad3479021db) Importer(815301076,1909f56bfc062723c751e8b465ee728b)  -> (artifact id: 'f3fa4f987366dd031c53567921a3c938') in 0.016224 seconds 
========================================================================
Received Import Request.
  Time since last request: 0.000166 seconds.
  path: Assets/2DGamekit/Art/Materials/Environment/LitTileRockBG.mat
  artifactKey: Guid(0b5df3b23f3993d45a18f88d8815665d) Importer(815301076,1909f56bfc062723c751e8b465ee728b)
Start importing Assets/2DGamekit/Art/Materials/Environment/LitTileRockBG.mat using Guid(0b5df3b23f3993d45a18f88d8815665d) Importer(815301076,1909f56bfc062723c751e8b465ee728b)  -> (artifact id: '99c5c975316457fa06bc6242db092209') in 0.013658 seconds 
========================================================================
Received Import Request.
  Time since last request: 0.000178 seconds.
  path: Assets/2DGamekit/Art/Materials/Environment/Mist.mat
  artifactKey: Guid(950a064d8c061b046a30fcdad799f81a) Importer(815301076,1909f56bfc062723c751e8b465ee728b)
Start importing Assets/2DGamekit/Art/Materials/Environment/Mist.mat using Guid(950a064d8c061b046a30fcdad799f81a) Importer(815301076,1909f56bfc062723c751e8b465ee728b)  -> (artifact id: '1af7c4151297b86c1b6aa6eee1411ad1') in 0.015184 seconds 
========================================================================
Received Import Request.
  Time since last request: 0.000138 seconds.
  path: Assets/2DGamekit/Art/Materials/Environment/PlantSwayMedium.mat
  artifactKey: Guid(0af4297e9c68f451d95749a9f91fd904) Importer(815301076,1909f56bfc062723c751e8b465ee728b)
Start importing Assets/2DGamekit/Art/Materials/Environment/PlantSwayMedium.mat using Guid(0af4297e9c68f451d95749a9f91fd904) Importer(815301076,1909f56bfc062723c751e8b465ee728b)  -> (artifact id: 'a0392a7acfdd3b7e9461f1f6d7aad7e8') in 0.015317 seconds 
========================================================================
Received Import Request.
  Time since last request: 0.000158 seconds.
  path: Assets/2DGamekit/Art/Materials/Interactables/PushableBox.mat
  artifactKey: Guid(22a70977364b3204d93eddba9e601a6a) Importer(815301076,1909f56bfc062723c751e8b465ee728b)
Start importing Assets/2DGamekit/Art/Materials/Interactables/PushableBox.mat using Guid(22a70977364b3204d93eddba9e601a6a) Importer(815301076,1909f56bfc062723c751e8b465ee728b)  -> (artifact id: '7283e1cd46db8e165c92e5b420a2ee6a') in 0.011728 seconds 
========================================================================
Received Import Request.
  Time since last request: 0.000191 seconds.
  path: Assets/2DGamekit/Art/Materials/Environment/TilemapAlienBG.mat
  artifactKey: Guid(9eac55953e4cb874fa6a4235da0db771) Importer(815301076,1909f56bfc062723c751e8b465ee728b)
Start importing Assets/2DGamekit/Art/Materials/Environment/TilemapAlienBG.mat using Guid(9eac55953e4cb874fa6a4235da0db771) Importer(815301076,1909f56bfc062723c751e8b465ee728b)  -> (artifact id: '9949c1cb18aa03fb7b1f5360843769a7') in 0.015952 seconds 
========================================================================
Received Import Request.
  Time since last request: 0.000169 seconds.
  path: Assets/2DGamekit/Art/Materials/Interactables/HubDoor.mat
  artifactKey: Guid(a55eefc22095c8c40a0db170485ba5d3) Importer(815301076,1909f56bfc062723c751e8b465ee728b)
Start importing Assets/2DGamekit/Art/Materials/Interactables/HubDoor.mat using Guid(a55eefc22095c8c40a0db170485ba5d3) Importer(815301076,1909f56bfc062723c751e8b465ee728b)  -> (artifact id: '49705cc71b6adfc4ba2a0ea4bfdeaee0') in 0.015802 seconds 
========================================================================
Received Import Request.
  Time since last request: 0.000168 seconds.
  path: Assets/2DGamekit/Art/Materials/Environment/PlantSwayLarge.mat
  artifactKey: Guid(a174166efb253a242a603e6fba110b85) Importer(815301076,1909f56bfc062723c751e8b465ee728b)
Start importing Assets/2DGamekit/Art/Materials/Environment/PlantSwayLarge.mat using Guid(a174166efb253a242a603e6fba110b85) Importer(815301076,1909f56bfc062723c751e8b465ee728b)  -> (artifact id: '26ce9c136fa8235914168415a2aea85b') in 0.015584 seconds 
========================================================================
Received Import Request.
  Time since last request: 0.000172 seconds.
  path: Assets/2DGamekit/Art/Materials/Environment/RockBG.mat
  artifactKey: Guid(53c282ebd003f9e44a136eaf2f9695cf) Importer(815301076,1909f56bfc062723c751e8b465ee728b)
Start importing Assets/2DGamekit/Art/Materials/Environment/RockBG.mat using Guid(53c282ebd003f9e44a136eaf2f9695cf) Importer(815301076,1909f56bfc062723c751e8b465ee728b)  -> (artifact id: '9cd4193060db99ea66603c76324630f5') in 0.160116 seconds 
========================================================================
Received Import Request.
  Time since last request: 0.000177 seconds.
  path: Assets/2DGamekit/Art/Materials/Interactables/SwitchEffect.mat
  artifactKey: Guid(8ca87a7b965d118468b5aeddb90fe1b0) Importer(815301076,1909f56bfc062723c751e8b465ee728b)
Start importing Assets/2DGamekit/Art/Materials/Interactables/SwitchEffect.mat using Guid(8ca87a7b965d118468b5aeddb90fe1b0) Importer(815301076,1909f56bfc062723c751e8b465ee728b)  -> (artifact id: '91d724698dcae86eb321fc9ed61855dd') in 0.011039 seconds 
========================================================================
Received Import Request.
  Time since last request: 0.000135 seconds.
  path: Assets/2DGamekit/Art/Materials/Environment/Stones.mat
  artifactKey: Guid(bcb80a583a572ac48b01610a0ae890be) Importer(815301076,1909f56bfc062723c751e8b465ee728b)
Start importing Assets/2DGamekit/Art/Materials/Environment/Stones.mat using Guid(bcb80a583a572ac48b01610a0ae890be) Importer(815301076,1909f56bfc062723c751e8b465ee728b)  -> (artifact id: 'e1915d070be375730610052c4bd40980') in 0.021101 seconds 
========================================================================
Received Import Request.
  Time since last request: 0.000145 seconds.
  path: Assets/2DGamekit/Art/Materials/Environment/Dropship.mat
  artifactKey: Guid(2c14c73cffcc76346a7b50b3394b3e93) Importer(815301076,1909f56bfc062723c751e8b465ee728b)
Start importing Assets/2DGamekit/Art/Materials/Environment/Dropship.mat using Guid(2c14c73cffcc76346a7b50b3394b3e93) Importer(815301076,1909f56bfc062723c751e8b465ee728b)  -> (artifact id: 'c9697c1da0e5adbd552d175fa183b3ee') in 0.021486 seconds 
========================================================================
Received Import Request.
  Time since last request: 0.000160 seconds.
  path: Assets/2DGamekit/Art/Materials/Interactables/Spikes.mat
  artifactKey: Guid(1b7abd73b5fe8524abc0ceb94975dda2) Importer(815301076,1909f56bfc062723c751e8b465ee728b)
Start importing Assets/2DGamekit/Art/Materials/Interactables/Spikes.mat using Guid(1b7abd73b5fe8524abc0ceb94975dda2) Importer(815301076,1909f56bfc062723c751e8b465ee728b)  -> (artifact id: '9b9f599bc53d0672f259516c1bae7895') in 0.010915 seconds 
========================================================================
Received Import Request.
  Time since last request: 0.000187 seconds.
  path: Assets/2DGamekit/Art/Materials/Environment/Background.mat
  artifactKey: Guid(cbde66e9603eb5148bbb4a66bed3eee4) Importer(815301076,1909f56bfc062723c751e8b465ee728b)
Start importing Assets/2DGamekit/Art/Materials/Environment/Background.mat using Guid(cbde66e9603eb5148bbb4a66bed3eee4) Importer(815301076,1909f56bfc062723c751e8b465ee728b)  -> (artifact id: 'd9f3eeaae4e43746746b8352c58656b4') in 0.034555 seconds 
========================================================================
Received Import Request.
  Time since last request: 0.000140 seconds.
  path: Assets/2DGamekit/Art/Materials/Environment/WallTileEnd.mat
  artifactKey: Guid(8f6edd733af01e142800927bda1b76ca) Importer(815301076,1909f56bfc062723c751e8b465ee728b)
Start importing Assets/2DGamekit/Art/Materials/Environment/WallTileEnd.mat using Guid(8f6edd733af01e142800927bda1b76ca) Importer(815301076,1909f56bfc062723c751e8b465ee728b)  -> (artifact id: 'cfd09b37d70bd84e52e00b4ad6397ae3') in 0.015382 seconds 
========================================================================
Received Import Request.
  Time since last request: 0.000196 seconds.
  path: Assets/2DGamekit/Art/Materials/Environment/MistLight.mat
  artifactKey: Guid(afb12922b97680b4ab289d7ba5d80485) Importer(815301076,1909f56bfc062723c751e8b465ee728b)
Start importing Assets/2DGamekit/Art/Materials/Environment/MistLight.mat using Guid(afb12922b97680b4ab289d7ba5d80485) Importer(815301076,1909f56bfc062723c751e8b465ee728b)  -> (artifact id: 'd0056b5bdc74ac585271bca469b25c80') in 0.014538 seconds 
========================================================================
Received Import Request.
  Time since last request: 0.000193 seconds.
  path: Assets/2DGamekit/Art/Materials/Environment/PlantSwayBG.mat
  artifactKey: Guid(fe3dba381bdf9194986c8c65fef4b3b8) Importer(815301076,1909f56bfc062723c751e8b465ee728b)
Start importing Assets/2DGamekit/Art/Materials/Environment/PlantSwayBG.mat using Guid(fe3dba381bdf9194986c8c65fef4b3b8) Importer(815301076,1909f56bfc062723c751e8b465ee728b)  -> (artifact id: '15f82a8e94d1e1d8810b6e35a1f7b46f') in 0.014780 seconds 
========================================================================
Received Import Request.
  Time since last request: 0.000220 seconds.
  path: Assets/2DGamekit/Art/Materials/Environment/PlantSwaySmall.mat
  artifactKey: Guid(374d7f63afc657a4c9d23f2bd36fa5f1) Importer(815301076,1909f56bfc062723c751e8b465ee728b)
Start importing Assets/2DGamekit/Art/Materials/Environment/PlantSwaySmall.mat using Guid(374d7f63afc657a4c9d23f2bd36fa5f1) Importer(815301076,1909f56bfc062723c751e8b465ee728b)  -> (artifact id: '96c0a3831e8057f530831884a723cf93') in 0.014355 seconds 
========================================================================
Received Import Request.
  Time since last request: 0.000167 seconds.
  path: Assets/2DGamekit/Art/Materials/Interactables/DoorGlow.mat
  artifactKey: Guid(6ba59f43cf1b8bc44b553d68206795af) Importer(815301076,1909f56bfc062723c751e8b465ee728b)
Start importing Assets/2DGamekit/Art/Materials/Interactables/DoorGlow.mat using Guid(6ba59f43cf1b8bc44b553d68206795af) Importer(815301076,1909f56bfc062723c751e8b465ee728b)  -> (artifact id: '0683ed2f999a32ec50cbb242e6983873') in 0.010224 seconds 
========================================================================
Received Import Request.
  Time since last request: 21.654138 seconds.
  path: Assets/2DGamekit/Prefabs/Interactables/HealthPickup.prefab
  artifactKey: Guid(6ce14eb040a43734b9fb27d9a62d91ee) Importer(815301076,1909f56bfc062723c751e8b465ee728b)
Start importing Assets/2DGamekit/Prefabs/Interactables/HealthPickup.prefab using Guid(6ce14eb040a43734b9fb27d9a62d91ee) Importer(815301076,1909f56bfc062723c751e8b465ee728b)  -> (artifact id: 'bbcbb2ebf70c04941586cf29b3bdc9c6') in 0.043052 seconds 
========================================================================
Received Prepare
Registering precompiled user dll's ...
Registered in 0.001117 seconds.
Begin MonoManager ReloadAssembly
Native extension for WindowsStandalone target not found
Native extension for WebGL target not found
Refreshing native plugins compatible for Editor in 0.60 ms, found 1 plugins.
Preloading 0 native plugins for Editor in 0.00 ms.
Mono: successfully reloaded assembly
- Completed reload, in  0.817 seconds
Platform modules already initialized, skipping
Refreshing native plugins compatible for Editor in 0.60 ms, found 1 plugins.
Preloading 0 native plugins for Editor in 0.00 ms.
Unloading 2259 Unused Serialized files (Serialized files now loaded: 0)
System memory in use before: 112.8 MB.
System memory in use after: 113.0 MB.

Unloading 11 unused Assets to reduce memory usage. Loaded Objects now: 2833.
Total: 1.998200 ms (FindLiveObjects: 0.199400 ms CreateObjectMapping: 0.059700 ms MarkObjects: 1.709800 ms  DeleteObjects: 0.028400 ms)

